[06-Nov-2016 04:36:01 UTC] PHP Warning:  require_once(connectvars.php): failed to open stream: No such file or directory in /home/ubuntu/workspace/android/updatefromserver.php on line 3
[06-Nov-2016 04:36:01 UTC] PHP Stack trace:
[06-Nov-2016 04:36:01 UTC] PHP   1. {main}() /home/ubuntu/workspace/android/updatefromserver.php:0
[06-Nov-2016 04:36:01 UTC] PHP Fatal error:  require_once(): Failed opening required 'connectvars.php' (include_path='.:/usr/share/php:/usr/share/pear') in /home/ubuntu/workspace/android/updatefromserver.php on line 3
[06-Nov-2016 04:36:01 UTC] PHP Stack trace:
[06-Nov-2016 04:36:01 UTC] PHP   1. {main}() /home/ubuntu/workspace/android/updatefromserver.php:0
[06-Nov-2016 07:00:39 UTC] PHP Parse error:  syntax error, unexpected ''}'' (T_CONSTANT_ENCAPSED_STRING) in /home/ubuntu/workspace/android/updatefromserver.php on line 60
[06-Nov-2016 07:50:51 UTC] PHP Parse error:  syntax error, unexpected ',' in /home/ubuntu/workspace/android/updatefromserver.php on line 68
[06-Nov-2016 08:12:47 UTC] PHP Parse error:  syntax error, unexpected '"' in /home/ubuntu/workspace/android/updatefromserver.php on line 97
[06-Nov-2016 08:14:31 UTC] PHP Parse error:  syntax error, unexpected '}', expecting ',' or ';' in /home/ubuntu/workspace/android/updatefromserver.php on line 97
[06-Nov-2016 10:32:03 UTC] PHP Warning:  mysqli_num_rows() expects parameter 1 to be mysqli_result, boolean given in /home/ubuntu/workspace/android/updatefromserver.php on line 37
[06-Nov-2016 10:32:03 UTC] PHP Stack trace:
[06-Nov-2016 10:32:03 UTC] PHP   1. {main}() /home/ubuntu/workspace/android/updatefromserver.php:0
[06-Nov-2016 10:32:03 UTC] PHP   2. mysqli_num_rows() /home/ubuntu/workspace/android/updatefromserver.php:37
[06-Nov-2016 10:32:24 UTC] PHP Warning:  mysqli_query() expects at least 2 parameters, 1 given in /home/ubuntu/workspace/android/updatefromserver.php on line 118
[06-Nov-2016 10:32:24 UTC] PHP Stack trace:
[06-Nov-2016 10:32:24 UTC] PHP   1. {main}() /home/ubuntu/workspace/android/updatefromserver.php:0
[06-Nov-2016 10:32:24 UTC] PHP   2. mysqli_query() /home/ubuntu/workspace/android/updatefromserver.php:118
[06-Nov-2016 10:32:24 UTC] PHP Warning:  mysqli_query() expects at least 2 parameters, 1 given in /home/ubuntu/workspace/android/updatefromserver.php on line 119
[06-Nov-2016 10:32:24 UTC] PHP Stack trace:
[06-Nov-2016 10:32:24 UTC] PHP   1. {main}() /home/ubuntu/workspace/android/updatefromserver.php:0
[06-Nov-2016 10:32:24 UTC] PHP   2. mysqli_query() /home/ubuntu/workspace/android/updatefromserver.php:119
[06-Nov-2016 10:32:58 UTC] PHP Warning:  mysqli_query() expects at least 2 parameters, 1 given in /home/ubuntu/workspace/android/updatefromserver.php on line 118
[06-Nov-2016 10:32:58 UTC] PHP Stack trace:
[06-Nov-2016 10:32:58 UTC] PHP   1. {main}() /home/ubuntu/workspace/android/updatefromserver.php:0
[06-Nov-2016 10:32:58 UTC] PHP   2. mysqli_query() /home/ubuntu/workspace/android/updatefromserver.php:118
[06-Nov-2016 10:32:58 UTC] PHP Warning:  mysqli_query() expects at least 2 parameters, 1 given in /home/ubuntu/workspace/android/updatefromserver.php on line 119
[06-Nov-2016 10:32:58 UTC] PHP Stack trace:
[06-Nov-2016 10:32:58 UTC] PHP   1. {main}() /home/ubuntu/workspace/android/updatefromserver.php:0
[06-Nov-2016 10:32:58 UTC] PHP   2. mysqli_query() /home/ubuntu/workspace/android/updatefromserver.php:119
[06-Nov-2016 10:34:55 UTC] PHP Warning:  mysqli_query() expects at least 2 parameters, 1 given in /home/ubuntu/workspace/android/updatefromserver.php on line 118
[06-Nov-2016 10:34:55 UTC] PHP Stack trace:
[06-Nov-2016 10:34:55 UTC] PHP   1. {main}() /home/ubuntu/workspace/android/updatefromserver.php:0
[06-Nov-2016 10:34:55 UTC] PHP   2. mysqli_query() /home/ubuntu/workspace/android/updatefromserver.php:118
[06-Nov-2016 10:34:55 UTC] PHP Warning:  mysqli_query() expects at least 2 parameters, 1 given in /home/ubuntu/workspace/android/updatefromserver.php on line 119
[06-Nov-2016 10:34:55 UTC] PHP Stack trace:
[06-Nov-2016 10:34:55 UTC] PHP   1. {main}() /home/ubuntu/workspace/android/updatefromserver.php:0
[06-Nov-2016 10:34:55 UTC] PHP   2. mysqli_query() /home/ubuntu/workspace/android/updatefromserver.php:119
[06-Nov-2016 10:35:03 UTC] PHP Warning:  mysqli_query() expects at least 2 parameters, 1 given in /home/ubuntu/workspace/android/updatefromserver.php on line 118
[06-Nov-2016 10:35:03 UTC] PHP Stack trace:
[06-Nov-2016 10:35:03 UTC] PHP   1. {main}() /home/ubuntu/workspace/android/updatefromserver.php:0
[06-Nov-2016 10:35:03 UTC] PHP   2. mysqli_query() /home/ubuntu/workspace/android/updatefromserver.php:118
[06-Nov-2016 10:35:03 UTC] PHP Warning:  mysqli_query() expects at least 2 parameters, 1 given in /home/ubuntu/workspace/android/updatefromserver.php on line 119
[06-Nov-2016 10:35:03 UTC] PHP Stack trace:
[06-Nov-2016 10:35:03 UTC] PHP   1. {main}() /home/ubuntu/workspace/android/updatefromserver.php:0
[06-Nov-2016 10:35:03 UTC] PHP   2. mysqli_query() /home/ubuntu/workspace/android/updatefromserver.php:119
[06-Nov-2016 10:37:05 UTC] PHP Warning:  mysqli_query() expects at least 2 parameters, 1 given in /home/ubuntu/workspace/android/updatefromserver.php on line 118
[06-Nov-2016 10:37:05 UTC] PHP Stack trace:
[06-Nov-2016 10:37:05 UTC] PHP   1. {main}() /home/ubuntu/workspace/android/updatefromserver.php:0
[06-Nov-2016 10:37:05 UTC] PHP   2. mysqli_query() /home/ubuntu/workspace/android/updatefromserver.php:118
[06-Nov-2016 10:37:05 UTC] PHP Warning:  mysqli_query() expects at least 2 parameters, 1 given in /home/ubuntu/workspace/android/updatefromserver.php on line 119
[06-Nov-2016 10:37:05 UTC] PHP Stack trace:
[06-Nov-2016 10:37:05 UTC] PHP   1. {main}() /home/ubuntu/workspace/android/updatefromserver.php:0
[06-Nov-2016 10:37:05 UTC] PHP   2. mysqli_query() /home/ubuntu/workspace/android/updatefromserver.php:119
[06-Nov-2016 10:43:45 UTC] PHP Warning:  mysqli_query() expects at least 2 parameters, 1 given in /home/ubuntu/workspace/android/updatefromserver.php on line 118
[06-Nov-2016 10:43:45 UTC] PHP Stack trace:
[06-Nov-2016 10:43:45 UTC] PHP   1. {main}() /home/ubuntu/workspace/android/updatefromserver.php:0
[06-Nov-2016 10:43:45 UTC] PHP   2. mysqli_query() /home/ubuntu/workspace/android/updatefromserver.php:118
[06-Nov-2016 10:43:45 UTC] PHP Warning:  mysqli_query() expects at least 2 parameters, 1 given in /home/ubuntu/workspace/android/updatefromserver.php on line 119
[06-Nov-2016 10:43:45 UTC] PHP Stack trace:
[06-Nov-2016 10:43:45 UTC] PHP   1. {main}() /home/ubuntu/workspace/android/updatefromserver.php:0
[06-Nov-2016 10:43:45 UTC] PHP   2. mysqli_query() /home/ubuntu/workspace/android/updatefromserver.php:119
[06-Nov-2016 10:46:23 UTC] PHP Warning:  mysqli_query() expects at least 2 parameters, 1 given in /home/ubuntu/workspace/android/updatefromserver.php on line 118
[06-Nov-2016 10:46:23 UTC] PHP Stack trace:
[06-Nov-2016 10:46:23 UTC] PHP   1. {main}() /home/ubuntu/workspace/android/updatefromserver.php:0
[06-Nov-2016 10:46:23 UTC] PHP   2. mysqli_query() /home/ubuntu/workspace/android/updatefromserver.php:118
[06-Nov-2016 10:46:23 UTC] PHP Warning:  mysqli_query() expects at least 2 parameters, 1 given in /home/ubuntu/workspace/android/updatefromserver.php on line 119
[06-Nov-2016 10:46:23 UTC] PHP Stack trace:
[06-Nov-2016 10:46:23 UTC] PHP   1. {main}() /home/ubuntu/workspace/android/updatefromserver.php:0
[06-Nov-2016 10:46:23 UTC] PHP   2. mysqli_query() /home/ubuntu/workspace/android/updatefromserver.php:119
[06-Nov-2016 10:46:56 UTC] PHP Warning:  mysqli_query() expects at least 2 parameters, 1 given in /home/ubuntu/workspace/android/updatefromserver.php on line 118
[06-Nov-2016 10:46:56 UTC] PHP Stack trace:
[06-Nov-2016 10:46:56 UTC] PHP   1. {main}() /home/ubuntu/workspace/android/updatefromserver.php:0
[06-Nov-2016 10:46:56 UTC] PHP   2. mysqli_query() /home/ubuntu/workspace/android/updatefromserver.php:118
[06-Nov-2016 10:46:56 UTC] PHP Warning:  mysqli_query() expects at least 2 parameters, 1 given in /home/ubuntu/workspace/android/updatefromserver.php on line 119
[06-Nov-2016 10:46:56 UTC] PHP Stack trace:
[06-Nov-2016 10:46:56 UTC] PHP   1. {main}() /home/ubuntu/workspace/android/updatefromserver.php:0
[06-Nov-2016 10:46:56 UTC] PHP   2. mysqli_query() /home/ubuntu/workspace/android/updatefromserver.php:119
[06-Nov-2016 10:48:30 UTC] PHP Warning:  mysqli_query() expects at least 2 parameters, 1 given in /home/ubuntu/workspace/android/updatefromserver.php on line 118
[06-Nov-2016 10:48:30 UTC] PHP Stack trace:
[06-Nov-2016 10:48:30 UTC] PHP   1. {main}() /home/ubuntu/workspace/android/updatefromserver.php:0
[06-Nov-2016 10:48:30 UTC] PHP   2. mysqli_query() /home/ubuntu/workspace/android/updatefromserver.php:118
[06-Nov-2016 10:48:30 UTC] PHP Warning:  mysqli_query() expects at least 2 parameters, 1 given in /home/ubuntu/workspace/android/updatefromserver.php on line 119
[06-Nov-2016 10:48:30 UTC] PHP Stack trace:
[06-Nov-2016 10:48:30 UTC] PHP   1. {main}() /home/ubuntu/workspace/android/updatefromserver.php:0
[06-Nov-2016 10:48:30 UTC] PHP   2. mysqli_query() /home/ubuntu/workspace/android/updatefromserver.php:119
[06-Nov-2016 10:49:09 UTC] PHP Warning:  mysqli_query() expects at least 2 parameters, 1 given in /home/ubuntu/workspace/android/updatefromserver.php on line 118
[06-Nov-2016 10:49:09 UTC] PHP Stack trace:
[06-Nov-2016 10:49:09 UTC] PHP   1. {main}() /home/ubuntu/workspace/android/updatefromserver.php:0
[06-Nov-2016 10:49:09 UTC] PHP   2. mysqli_query() /home/ubuntu/workspace/android/updatefromserver.php:118
[06-Nov-2016 10:49:09 UTC] PHP Warning:  mysqli_query() expects at least 2 parameters, 1 given in /home/ubuntu/workspace/android/updatefromserver.php on line 119
[06-Nov-2016 10:49:09 UTC] PHP Stack trace:
[06-Nov-2016 10:49:09 UTC] PHP   1. {main}() /home/ubuntu/workspace/android/updatefromserver.php:0
[06-Nov-2016 10:49:09 UTC] PHP   2. mysqli_query() /home/ubuntu/workspace/android/updatefromserver.php:119
[06-Nov-2016 10:51:03 UTC] PHP Warning:  mysqli_query() expects at least 2 parameters, 1 given in /home/ubuntu/workspace/android/updatefromserver.php on line 118
[06-Nov-2016 10:51:03 UTC] PHP Stack trace:
[06-Nov-2016 10:51:03 UTC] PHP   1. {main}() /home/ubuntu/workspace/android/updatefromserver.php:0
[06-Nov-2016 10:51:03 UTC] PHP   2. mysqli_query() /home/ubuntu/workspace/android/updatefromserver.php:118
[06-Nov-2016 10:51:03 UTC] PHP Warning:  mysqli_query() expects at least 2 parameters, 1 given in /home/ubuntu/workspace/android/updatefromserver.php on line 119
[06-Nov-2016 10:51:03 UTC] PHP Stack trace:
[06-Nov-2016 10:51:03 UTC] PHP   1. {main}() /home/ubuntu/workspace/android/updatefromserver.php:0
[06-Nov-2016 10:51:03 UTC] PHP   2. mysqli_query() /home/ubuntu/workspace/android/updatefromserver.php:119
[06-Nov-2016 10:52:50 UTC] PHP Warning:  mysqli_query() expects at least 2 parameters, 1 given in /home/ubuntu/workspace/android/updatefromserver.php on line 118
[06-Nov-2016 10:52:50 UTC] PHP Stack trace:
[06-Nov-2016 10:52:50 UTC] PHP   1. {main}() /home/ubuntu/workspace/android/updatefromserver.php:0
[06-Nov-2016 10:52:50 UTC] PHP   2. mysqli_query() /home/ubuntu/workspace/android/updatefromserver.php:118
[06-Nov-2016 10:52:50 UTC] PHP Warning:  mysqli_query() expects at least 2 parameters, 1 given in /home/ubuntu/workspace/android/updatefromserver.php on line 119
[06-Nov-2016 10:52:50 UTC] PHP Stack trace:
[06-Nov-2016 10:52:50 UTC] PHP   1. {main}() /home/ubuntu/workspace/android/updatefromserver.php:0
[06-Nov-2016 10:52:50 UTC] PHP   2. mysqli_query() /home/ubuntu/workspace/android/updatefromserver.php:119
[06-Nov-2016 11:50:11 UTC] PHP Parse error:  syntax error, unexpected '' (T_ENCAPSED_AND_WHITESPACE), expecting identifier (T_STRING) or variable (T_VARIABLE) or number (T_NUM_STRING) in /home/ubuntu/workspace/android/updateidsfromandroid.php on line 28
[06-Nov-2016 11:53:49 UTC] PHP Warning:  json_decode() expects parameter 1 to be string, object given in /home/ubuntu/workspace/android/updateidsfromandroid.php on line 23
[06-Nov-2016 11:53:49 UTC] PHP Stack trace:
[06-Nov-2016 11:53:49 UTC] PHP   1. {main}() /home/ubuntu/workspace/android/updateidsfromandroid.php:0
[06-Nov-2016 11:53:49 UTC] PHP   2. json_decode() /home/ubuntu/workspace/android/updateidsfromandroid.php:23
[06-Nov-2016 11:54:56 UTC] PHP Warning:  json_decode() expects parameter 1 to be string, object given in /home/ubuntu/workspace/android/updateidsfromandroid.php on line 23
[06-Nov-2016 11:54:56 UTC] PHP Stack trace:
[06-Nov-2016 11:54:56 UTC] PHP   1. {main}() /home/ubuntu/workspace/android/updateidsfromandroid.php:0
[06-Nov-2016 11:54:56 UTC] PHP   2. json_decode() /home/ubuntu/workspace/android/updateidsfromandroid.php:23
[06-Nov-2016 11:55:16 UTC] PHP Warning:  json_decode() expects parameter 1 to be string, object given in /home/ubuntu/workspace/android/updateidsfromandroid.php on line 23
[06-Nov-2016 11:55:16 UTC] PHP Stack trace:
[06-Nov-2016 11:55:16 UTC] PHP   1. {main}() /home/ubuntu/workspace/android/updateidsfromandroid.php:0
[06-Nov-2016 11:55:16 UTC] PHP   2. json_decode() /home/ubuntu/workspace/android/updateidsfromandroid.php:23
[06-Nov-2016 11:55:16 UTC] PHP Warning:  array_keys() expects parameter 1 to be array, null given in /home/ubuntu/workspace/android/updateidsfromandroid.php on line 25
[06-Nov-2016 11:55:16 UTC] PHP Stack trace:
[06-Nov-2016 11:55:16 UTC] PHP   1. {main}() /home/ubuntu/workspace/android/updateidsfromandroid.php:0
[06-Nov-2016 11:55:16 UTC] PHP   2. array_keys() /home/ubuntu/workspace/android/updateidsfromandroid.php:25
[06-Nov-2016 11:55:16 UTC] PHP Warning:  Invalid argument supplied for foreach() in /home/ubuntu/workspace/android/updateidsfromandroid.php on line 27
[06-Nov-2016 11:55:16 UTC] PHP Stack trace:
[06-Nov-2016 11:55:16 UTC] PHP   1. {main}() /home/ubuntu/workspace/android/updateidsfromandroid.php:0
[06-Nov-2016 11:58:25 UTC] PHP Parse error:  syntax error, unexpected '"', expecting identifier (T_STRING) in /home/ubuntu/workspace/android/updateidsfromandroid.php on line 26
[06-Nov-2016 13:34:41 UTC] PHP Parse error:  syntax error, unexpected '{' in /home/ubuntu/workspace/android/updatefromserver.php on line 12
[06-Nov-2016 19:04:03 UTC] PHP Warning:  mysqli_query(): Empty query in /home/ubuntu/workspace/android/updatefromandroid.php on line 188
[06-Nov-2016 19:04:03 UTC] PHP Stack trace:
[06-Nov-2016 19:04:03 UTC] PHP   1. {main}() /home/ubuntu/workspace/android/updatefromandroid.php:0
[06-Nov-2016 19:04:03 UTC] PHP   2. mysqli_query() /home/ubuntu/workspace/android/updatefromandroid.php:188
[09-Nov-2016 10:53:59 UTC] PHP Warning:  Invalid argument supplied for foreach() in /home/ubuntu/workspace/android/updatefromserver.php on line 128
[09-Nov-2016 10:53:59 UTC] PHP Stack trace:
[09-Nov-2016 10:53:59 UTC] PHP   1. {main}() /home/ubuntu/workspace/android/updatefromserver.php:0
[09-Nov-2016 10:53:59 UTC] PHP Fatal error:  Cannot break/continue 1 level in /home/ubuntu/workspace/android/updatefromserver.php on line 135
[09-Nov-2016 10:53:59 UTC] PHP Stack trace:
[09-Nov-2016 10:53:59 UTC] PHP   1. {main}() /home/ubuntu/workspace/android/updatefromserver.php:0
[09-Nov-2016 11:26:17 UTC] PHP Warning:  mysqli_query(): Empty query in /home/ubuntu/workspace/android/updatefromandroid.php on line 195
[09-Nov-2016 11:26:17 UTC] PHP Stack trace:
[09-Nov-2016 11:26:17 UTC] PHP   1. {main}() /home/ubuntu/workspace/android/updatefromandroid.php:0
[09-Nov-2016 11:26:17 UTC] PHP   2. mysqli_query() /home/ubuntu/workspace/android/updatefromandroid.php:195
[09-Nov-2016 11:27:00 UTC] PHP Warning:  Invalid argument supplied for foreach() in /home/ubuntu/workspace/android/updatefromserver.php on line 128
[09-Nov-2016 11:27:00 UTC] PHP Stack trace:
[09-Nov-2016 11:27:00 UTC] PHP   1. {main}() /home/ubuntu/workspace/android/updatefromserver.php:0
[09-Nov-2016 11:27:00 UTC] PHP Fatal error:  Cannot break/continue 1 level in /home/ubuntu/workspace/android/updatefromserver.php on line 135
[09-Nov-2016 11:27:00 UTC] PHP Stack trace:
[09-Nov-2016 11:27:00 UTC] PHP   1. {main}() /home/ubuntu/workspace/android/updatefromserver.php:0
[09-Nov-2016 11:27:38 UTC] PHP Warning:  mysqli_query(): Empty query in /home/ubuntu/workspace/android/updatefromandroid.php on line 195
[09-Nov-2016 11:27:38 UTC] PHP Stack trace:
[09-Nov-2016 11:27:38 UTC] PHP   1. {main}() /home/ubuntu/workspace/android/updatefromandroid.php:0
[09-Nov-2016 11:27:38 UTC] PHP   2. mysqli_query() /home/ubuntu/workspace/android/updatefromandroid.php:195
[09-Nov-2016 11:27:43 UTC] PHP Warning:  Invalid argument supplied for foreach() in /home/ubuntu/workspace/android/updatefromserver.php on line 128
[09-Nov-2016 11:27:43 UTC] PHP Stack trace:
[09-Nov-2016 11:27:43 UTC] PHP   1. {main}() /home/ubuntu/workspace/android/updatefromserver.php:0
[09-Nov-2016 11:27:43 UTC] PHP Fatal error:  Cannot break/continue 1 level in /home/ubuntu/workspace/android/updatefromserver.php on line 135
[09-Nov-2016 11:27:43 UTC] PHP Stack trace:
[09-Nov-2016 11:27:43 UTC] PHP   1. {main}() /home/ubuntu/workspace/android/updatefromserver.php:0
[09-Nov-2016 16:26:48 UTC] PHP Warning:  Invalid argument supplied for foreach() in /home/ubuntu/workspace/android/updatefromserver.php on line 128
[09-Nov-2016 16:26:48 UTC] PHP Stack trace:
[09-Nov-2016 16:26:48 UTC] PHP   1. {main}() /home/ubuntu/workspace/android/updatefromserver.php:0
[09-Nov-2016 16:26:48 UTC] PHP Fatal error:  Cannot break/continue 1 level in /home/ubuntu/workspace/android/updatefromserver.php on line 135
[09-Nov-2016 16:26:48 UTC] PHP Stack trace:
[09-Nov-2016 16:26:48 UTC] PHP   1. {main}() /home/ubuntu/workspace/android/updatefromserver.php:0
[09-Nov-2016 16:36:02 UTC] PHP Fatal error:  Call to undefined function exists() in /home/ubuntu/workspace/android/updatefromandroid.php on line 126
[09-Nov-2016 16:36:02 UTC] PHP Stack trace:
[09-Nov-2016 16:36:02 UTC] PHP   1. {main}() /home/ubuntu/workspace/android/updatefromandroid.php:0
[09-Nov-2016 16:39:18 UTC] PHP Fatal error:  Call to undefined function exists() in /home/ubuntu/workspace/android/updatefromandroid.php on line 127
[09-Nov-2016 16:39:18 UTC] PHP Stack trace:
[09-Nov-2016 16:39:18 UTC] PHP   1. {main}() /home/ubuntu/workspace/android/updatefromandroid.php:0
[09-Nov-2016 17:24:09 UTC] PHP Warning:  Invalid argument supplied for foreach() in /home/ubuntu/workspace/android/updatefromserver.php on line 128
[09-Nov-2016 17:24:09 UTC] PHP Stack trace:
[09-Nov-2016 17:24:09 UTC] PHP   1. {main}() /home/ubuntu/workspace/android/updatefromserver.php:0
[09-Nov-2016 17:24:09 UTC] PHP Fatal error:  Cannot break/continue 1 level in /home/ubuntu/workspace/android/updatefromserver.php on line 135
[09-Nov-2016 17:24:09 UTC] PHP Stack trace:
[09-Nov-2016 17:24:09 UTC] PHP   1. {main}() /home/ubuntu/workspace/android/updatefromserver.php:0
[09-Nov-2016 17:31:08 UTC] PHP Warning:  Invalid argument supplied for foreach() in /home/ubuntu/workspace/android/updatefromserver.php on line 128
[09-Nov-2016 17:31:08 UTC] PHP Stack trace:
[09-Nov-2016 17:31:08 UTC] PHP   1. {main}() /home/ubuntu/workspace/android/updatefromserver.php:0
[09-Nov-2016 17:31:08 UTC] PHP Fatal error:  Cannot break/continue 1 level in /home/ubuntu/workspace/android/updatefromserver.php on line 135
[09-Nov-2016 17:31:08 UTC] PHP Stack trace:
[09-Nov-2016 17:31:08 UTC] PHP   1. {main}() /home/ubuntu/workspace/android/updatefromserver.php:0
[09-Nov-2016 17:40:56 UTC] PHP Warning:  Invalid argument supplied for foreach() in /home/ubuntu/workspace/android/updatefromserver.php on line 128
[09-Nov-2016 17:40:56 UTC] PHP Stack trace:
[09-Nov-2016 17:40:56 UTC] PHP   1. {main}() /home/ubuntu/workspace/android/updatefromserver.php:0
[09-Nov-2016 17:40:56 UTC] PHP Fatal error:  Cannot break/continue 1 level in /home/ubuntu/workspace/android/updatefromserver.php on line 135
[09-Nov-2016 17:40:56 UTC] PHP Stack trace:
[09-Nov-2016 17:40:56 UTC] PHP   1. {main}() /home/ubuntu/workspace/android/updatefromserver.php:0
[09-Nov-2016 17:45:20 UTC] PHP Warning:  Invalid argument supplied for foreach() in /home/ubuntu/workspace/android/updatefromserver.php on line 128
[09-Nov-2016 17:45:20 UTC] PHP Stack trace:
[09-Nov-2016 17:45:20 UTC] PHP   1. {main}() /home/ubuntu/workspace/android/updatefromserver.php:0
[09-Nov-2016 17:45:20 UTC] PHP Fatal error:  Cannot break/continue 1 level in /home/ubuntu/workspace/android/updatefromserver.php on line 135
[09-Nov-2016 17:45:20 UTC] PHP Stack trace:
[09-Nov-2016 17:45:20 UTC] PHP   1. {main}() /home/ubuntu/workspace/android/updatefromserver.php:0
[09-Nov-2016 17:50:07 UTC] PHP Warning:  Invalid argument supplied for foreach() in /home/ubuntu/workspace/android/updatefromserver.php on line 128
[09-Nov-2016 17:50:07 UTC] PHP Stack trace:
[09-Nov-2016 17:50:07 UTC] PHP   1. {main}() /home/ubuntu/workspace/android/updatefromserver.php:0
[09-Nov-2016 17:50:07 UTC] PHP Fatal error:  Cannot break/continue 1 level in /home/ubuntu/workspace/android/updatefromserver.php on line 135
[09-Nov-2016 17:50:07 UTC] PHP Stack trace:
[09-Nov-2016 17:50:07 UTC] PHP   1. {main}() /home/ubuntu/workspace/android/updatefromserver.php:0
[09-Nov-2016 17:52:38 UTC] PHP Warning:  mysqli_query(): Empty query in /home/ubuntu/workspace/android/updatefromandroid.php on line 201
[09-Nov-2016 17:52:38 UTC] PHP Stack trace:
[09-Nov-2016 17:52:38 UTC] PHP   1. {main}() /home/ubuntu/workspace/android/updatefromandroid.php:0
[09-Nov-2016 17:52:38 UTC] PHP   2. mysqli_query() /home/ubuntu/workspace/android/updatefromandroid.php:201
[09-Nov-2016 17:53:18 UTC] PHP Warning:  Invalid argument supplied for foreach() in /home/ubuntu/workspace/android/updatefromserver.php on line 128
[09-Nov-2016 17:53:18 UTC] PHP Stack trace:
[09-Nov-2016 17:53:18 UTC] PHP   1. {main}() /home/ubuntu/workspace/android/updatefromserver.php:0
[09-Nov-2016 17:53:18 UTC] PHP Fatal error:  Cannot break/continue 1 level in /home/ubuntu/workspace/android/updatefromserver.php on line 135
[09-Nov-2016 17:53:18 UTC] PHP Stack trace:
[09-Nov-2016 17:53:18 UTC] PHP   1. {main}() /home/ubuntu/workspace/android/updatefromserver.php:0
[09-Nov-2016 17:53:49 UTC] PHP Warning:  mysqli_query(): Empty query in /home/ubuntu/workspace/android/updatefromandroid.php on line 201
[09-Nov-2016 17:53:49 UTC] PHP Stack trace:
[09-Nov-2016 17:53:49 UTC] PHP   1. {main}() /home/ubuntu/workspace/android/updatefromandroid.php:0
[09-Nov-2016 17:53:49 UTC] PHP   2. mysqli_query() /home/ubuntu/workspace/android/updatefromandroid.php:201
[09-Nov-2016 18:18:39 UTC] PHP Warning:  Invalid argument supplied for foreach() in /home/ubuntu/workspace/android/updatefromserver.php on line 128
[09-Nov-2016 18:18:39 UTC] PHP Stack trace:
[09-Nov-2016 18:18:39 UTC] PHP   1. {main}() /home/ubuntu/workspace/android/updatefromserver.php:0
[09-Nov-2016 18:18:39 UTC] PHP Fatal error:  Cannot break/continue 1 level in /home/ubuntu/workspace/android/updatefromserver.php on line 135
[09-Nov-2016 18:18:39 UTC] PHP Stack trace:
[09-Nov-2016 18:18:39 UTC] PHP   1. {main}() /home/ubuntu/workspace/android/updatefromserver.php:0
[09-Nov-2016 18:26:20 UTC] PHP Warning:  Invalid argument supplied for foreach() in /home/ubuntu/workspace/android/updatefromserver.php on line 128
[09-Nov-2016 18:26:20 UTC] PHP Stack trace:
[09-Nov-2016 18:26:20 UTC] PHP   1. {main}() /home/ubuntu/workspace/android/updatefromserver.php:0
[09-Nov-2016 18:26:20 UTC] PHP Fatal error:  Cannot break/continue 1 level in /home/ubuntu/workspace/android/updatefromserver.php on line 135
[09-Nov-2016 18:26:20 UTC] PHP Stack trace:
[09-Nov-2016 18:26:20 UTC] PHP   1. {main}() /home/ubuntu/workspace/android/updatefromserver.php:0
[09-Nov-2016 18:28:14 UTC] PHP Warning:  Invalid argument supplied for foreach() in /home/ubuntu/workspace/android/updatefromserver.php on line 129
[09-Nov-2016 18:28:14 UTC] PHP Stack trace:
[09-Nov-2016 18:28:14 UTC] PHP   1. {main}() /home/ubuntu/workspace/android/updatefromserver.php:0
[09-Nov-2016 18:28:14 UTC] PHP Fatal error:  Cannot break/continue 1 level in /home/ubuntu/workspace/android/updatefromserver.php on line 136
[09-Nov-2016 18:28:14 UTC] PHP Stack trace:
[09-Nov-2016 18:28:14 UTC] PHP   1. {main}() /home/ubuntu/workspace/android/updatefromserver.php:0
[09-Nov-2016 18:29:05 UTC] PHP Warning:  Invalid argument supplied for foreach() in /home/ubuntu/workspace/android/updatefromserver.php on line 130
[09-Nov-2016 18:29:05 UTC] PHP Stack trace:
[09-Nov-2016 18:29:05 UTC] PHP   1. {main}() /home/ubuntu/workspace/android/updatefromserver.php:0
[09-Nov-2016 18:29:05 UTC] PHP Fatal error:  Cannot break/continue 1 level in /home/ubuntu/workspace/android/updatefromserver.php on line 137
[09-Nov-2016 18:29:05 UTC] PHP Stack trace:
[09-Nov-2016 18:29:05 UTC] PHP   1. {main}() /home/ubuntu/workspace/android/updatefromserver.php:0
[09-Nov-2016 18:31:35 UTC] PHP Parse error:  syntax error, unexpected '[' in /home/ubuntu/workspace/android/updatefromserver.php on line 23
[09-Nov-2016 18:33:56 UTC] PHP Warning:  Invalid argument supplied for foreach() in /home/ubuntu/workspace/android/updatefromserver.php on line 130
[09-Nov-2016 18:33:56 UTC] PHP Stack trace:
[09-Nov-2016 18:33:56 UTC] PHP   1. {main}() /home/ubuntu/workspace/android/updatefromserver.php:0
[09-Nov-2016 18:33:56 UTC] PHP Fatal error:  Cannot break/continue 1 level in /home/ubuntu/workspace/android/updatefromserver.php on line 137
[09-Nov-2016 18:33:56 UTC] PHP Stack trace:
[09-Nov-2016 18:33:56 UTC] PHP   1. {main}() /home/ubuntu/workspace/android/updatefromserver.php:0
[09-Nov-2016 18:37:09 UTC] PHP Warning:  Invalid argument supplied for foreach() in /home/ubuntu/workspace/android/updatefromserver.php on line 130
[09-Nov-2016 18:37:09 UTC] PHP Stack trace:
[09-Nov-2016 18:37:09 UTC] PHP   1. {main}() /home/ubuntu/workspace/android/updatefromserver.php:0
[09-Nov-2016 18:37:09 UTC] PHP Fatal error:  Cannot break/continue 1 level in /home/ubuntu/workspace/android/updatefromserver.php on line 137
[09-Nov-2016 18:37:09 UTC] PHP Stack trace:
[09-Nov-2016 18:37:09 UTC] PHP   1. {main}() /home/ubuntu/workspace/android/updatefromserver.php:0
[09-Nov-2016 18:45:32 UTC] PHP Warning:  Invalid argument supplied for foreach() in /home/ubuntu/workspace/android/updatefromserver.php on line 130
[09-Nov-2016 18:45:32 UTC] PHP Stack trace:
[09-Nov-2016 18:45:32 UTC] PHP   1. {main}() /home/ubuntu/workspace/android/updatefromserver.php:0
[09-Nov-2016 18:45:32 UTC] PHP Fatal error:  Cannot break/continue 1 level in /home/ubuntu/workspace/android/updatefromserver.php on line 137
[09-Nov-2016 18:45:32 UTC] PHP Stack trace:
[09-Nov-2016 18:45:32 UTC] PHP   1. {main}() /home/ubuntu/workspace/android/updatefromserver.php:0
[09-Nov-2016 18:46:18 UTC] PHP Warning:  Invalid argument supplied for foreach() in /home/ubuntu/workspace/android/updatefromserver.php on line 130
[09-Nov-2016 18:46:18 UTC] PHP Stack trace:
[09-Nov-2016 18:46:18 UTC] PHP   1. {main}() /home/ubuntu/workspace/android/updatefromserver.php:0
[09-Nov-2016 18:46:52 UTC] PHP Warning:  Invalid argument supplied for foreach() in /home/ubuntu/workspace/android/updatefromserver.php on line 130
[09-Nov-2016 18:46:52 UTC] PHP Stack trace:
[09-Nov-2016 18:46:52 UTC] PHP   1. {main}() /home/ubuntu/workspace/android/updatefromserver.php:0
[09-Nov-2016 18:47:18 UTC] PHP Warning:  Invalid argument supplied for foreach() in /home/ubuntu/workspace/android/updatefromserver.php on line 130
[09-Nov-2016 18:47:18 UTC] PHP Stack trace:
[09-Nov-2016 18:47:18 UTC] PHP   1. {main}() /home/ubuntu/workspace/android/updatefromserver.php:0
[09-Nov-2016 19:00:55 UTC] PHP Warning:  mysqli_query(): Empty query in /home/ubuntu/workspace/android/updatefromandroid.php on line 201
[09-Nov-2016 19:00:55 UTC] PHP Stack trace:
[09-Nov-2016 19:00:55 UTC] PHP   1. {main}() /home/ubuntu/workspace/android/updatefromandroid.php:0
[09-Nov-2016 19:00:55 UTC] PHP   2. mysqli_query() /home/ubuntu/workspace/android/updatefromandroid.php:201
[10-Nov-2016 03:11:28 UTC] PHP Warning:  mysqli_query(): Empty query in /home/ubuntu/workspace/android/updatefromandroid.php on line 201
[10-Nov-2016 03:11:28 UTC] PHP Stack trace:
[10-Nov-2016 03:11:28 UTC] PHP   1. {main}() /home/ubuntu/workspace/android/updatefromandroid.php:0
[10-Nov-2016 03:11:28 UTC] PHP   2. mysqli_query() /home/ubuntu/workspace/android/updatefromandroid.php:201
[10-Nov-2016 03:11:38 UTC] PHP Warning:  mysqli_query(): Empty query in /home/ubuntu/workspace/android/updatefromandroid.php on line 201
[10-Nov-2016 03:11:38 UTC] PHP Stack trace:
[10-Nov-2016 03:11:38 UTC] PHP   1. {main}() /home/ubuntu/workspace/android/updatefromandroid.php:0
[10-Nov-2016 03:11:38 UTC] PHP   2. mysqli_query() /home/ubuntu/workspace/android/updatefromandroid.php:201
[10-Nov-2016 05:42:01 UTC] PHP Warning:  mysqli_query(): Empty query in /home/ubuntu/workspace/android/updatefromandroid.php on line 200
[10-Nov-2016 05:42:01 UTC] PHP Stack trace:
[10-Nov-2016 05:42:01 UTC] PHP   1. {main}() /home/ubuntu/workspace/android/updatefromandroid.php:0
[10-Nov-2016 05:42:01 UTC] PHP   2. mysqli_query() /home/ubuntu/workspace/android/updatefromandroid.php:200
[10-Nov-2016 05:47:00 UTC] PHP Warning:  mysqli_query(): Empty query in /home/ubuntu/workspace/android/updatefromandroid.php on line 200
[10-Nov-2016 05:47:00 UTC] PHP Stack trace:
[10-Nov-2016 05:47:00 UTC] PHP   1. {main}() /home/ubuntu/workspace/android/updatefromandroid.php:0
[10-Nov-2016 05:47:00 UTC] PHP   2. mysqli_query() /home/ubuntu/workspace/android/updatefromandroid.php:200
[10-Nov-2016 07:29:06 UTC] PHP Warning:  mysqli_query(): Empty query in /home/ubuntu/workspace/android/updatefromandroid.php on line 200
[10-Nov-2016 07:29:06 UTC] PHP Stack trace:
[10-Nov-2016 07:29:06 UTC] PHP   1. {main}() /home/ubuntu/workspace/android/updatefromandroid.php:0
[10-Nov-2016 07:29:06 UTC] PHP   2. mysqli_query() /home/ubuntu/workspace/android/updatefromandroid.php:200
[10-Nov-2016 07:35:05 UTC] PHP Warning:  mysqli_query(): Empty query in /home/ubuntu/workspace/android/updatefromandroid.php on line 200
[10-Nov-2016 07:35:05 UTC] PHP Stack trace:
[10-Nov-2016 07:35:05 UTC] PHP   1. {main}() /home/ubuntu/workspace/android/updatefromandroid.php:0
[10-Nov-2016 07:35:05 UTC] PHP   2. mysqli_query() /home/ubuntu/workspace/android/updatefromandroid.php:200
[10-Nov-2016 07:37:40 UTC] PHP Warning:  mysqli_query(): Empty query in /home/ubuntu/workspace/android/updatefromandroid.php on line 200
[10-Nov-2016 07:37:40 UTC] PHP Stack trace:
[10-Nov-2016 07:37:40 UTC] PHP   1. {main}() /home/ubuntu/workspace/android/updatefromandroid.php:0
[10-Nov-2016 07:37:40 UTC] PHP   2. mysqli_query() /home/ubuntu/workspace/android/updatefromandroid.php:200
[10-Nov-2016 07:39:39 UTC] PHP Warning:  mysqli_query(): Empty query in /home/ubuntu/workspace/android/updatefromandroid.php on line 200
[10-Nov-2016 07:39:39 UTC] PHP Stack trace:
[10-Nov-2016 07:39:39 UTC] PHP   1. {main}() /home/ubuntu/workspace/android/updatefromandroid.php:0
[10-Nov-2016 07:39:39 UTC] PHP   2. mysqli_query() /home/ubuntu/workspace/android/updatefromandroid.php:200
[10-Nov-2016 07:40:47 UTC] PHP Warning:  mysqli_query(): Empty query in /home/ubuntu/workspace/android/updatefromandroid.php on line 200
[10-Nov-2016 07:40:47 UTC] PHP Stack trace:
[10-Nov-2016 07:40:47 UTC] PHP   1. {main}() /home/ubuntu/workspace/android/updatefromandroid.php:0
[10-Nov-2016 07:40:47 UTC] PHP   2. mysqli_query() /home/ubuntu/workspace/android/updatefromandroid.php:200
[10-Nov-2016 07:41:09 UTC] PHP Warning:  mysqli_query(): Empty query in /home/ubuntu/workspace/android/updatefromandroid.php on line 200
[10-Nov-2016 07:41:09 UTC] PHP Stack trace:
[10-Nov-2016 07:41:09 UTC] PHP   1. {main}() /home/ubuntu/workspace/android/updatefromandroid.php:0
[10-Nov-2016 07:41:09 UTC] PHP   2. mysqli_query() /home/ubuntu/workspace/android/updatefromandroid.php:200
[10-Nov-2016 07:43:24 UTC] PHP Warning:  mysqli_query(): Empty query in /home/ubuntu/workspace/android/updatefromandroid.php on line 200
[10-Nov-2016 07:43:24 UTC] PHP Stack trace:
[10-Nov-2016 07:43:24 UTC] PHP   1. {main}() /home/ubuntu/workspace/android/updatefromandroid.php:0
[10-Nov-2016 07:43:24 UTC] PHP   2. mysqli_query() /home/ubuntu/workspace/android/updatefromandroid.php:200
[10-Nov-2016 09:32:22 UTC] PHP Warning:  mysqli_query(): Empty query in /home/ubuntu/workspace/android/updatefromandroid.php on line 200
[10-Nov-2016 09:32:22 UTC] PHP Stack trace:
[10-Nov-2016 09:32:22 UTC] PHP   1. {main}() /home/ubuntu/workspace/android/updatefromandroid.php:0
[10-Nov-2016 09:32:22 UTC] PHP   2. mysqli_query() /home/ubuntu/workspace/android/updatefromandroid.php:200
[10-Nov-2016 09:34:10 UTC] PHP Warning:  mysqli_query(): Empty query in /home/ubuntu/workspace/android/updatefromandroid.php on line 200
[10-Nov-2016 09:34:10 UTC] PHP Stack trace:
[10-Nov-2016 09:34:10 UTC] PHP   1. {main}() /home/ubuntu/workspace/android/updatefromandroid.php:0
[10-Nov-2016 09:34:10 UTC] PHP   2. mysqli_query() /home/ubuntu/workspace/android/updatefromandroid.php:200
[10-Nov-2016 12:25:40 UTC] PHP Warning:  mysqli_query(): Empty query in /home/ubuntu/workspace/android/updatefromandroid.php on line 200
[10-Nov-2016 12:25:40 UTC] PHP Stack trace:
[10-Nov-2016 12:25:40 UTC] PHP   1. {main}() /home/ubuntu/workspace/android/updatefromandroid.php:0
[10-Nov-2016 12:25:40 UTC] PHP   2. mysqli_query() /home/ubuntu/workspace/android/updatefromandroid.php:200
[10-Nov-2016 12:31:42 UTC] PHP Warning:  mysqli_query(): Empty query in /home/ubuntu/workspace/android/updatefromandroid.php on line 200
[10-Nov-2016 12:31:42 UTC] PHP Stack trace:
[10-Nov-2016 12:31:42 UTC] PHP   1. {main}() /home/ubuntu/workspace/android/updatefromandroid.php:0
[10-Nov-2016 12:31:42 UTC] PHP   2. mysqli_query() /home/ubuntu/workspace/android/updatefromandroid.php:200
[11-Nov-2016 02:57:06 UTC] PHP Warning:  mysqli_query(): Empty query in /home/ubuntu/workspace/android/updatefromandroid.php on line 200
[11-Nov-2016 02:57:06 UTC] PHP Stack trace:
[11-Nov-2016 02:57:06 UTC] PHP   1. {main}() /home/ubuntu/workspace/android/updatefromandroid.php:0
[11-Nov-2016 02:57:06 UTC] PHP   2. mysqli_query() /home/ubuntu/workspace/android/updatefromandroid.php:200
[11-Nov-2016 07:16:43 UTC] PHP Warning:  mysqli_query(): Empty query in /home/ubuntu/workspace/android/updatefromandroid.php on line 200
[11-Nov-2016 07:16:43 UTC] PHP Stack trace:
[11-Nov-2016 07:16:43 UTC] PHP   1. {main}() /home/ubuntu/workspace/android/updatefromandroid.php:0
[11-Nov-2016 07:16:43 UTC] PHP   2. mysqli_query() /home/ubuntu/workspace/android/updatefromandroid.php:200
[11-Nov-2016 08:49:00 UTC] PHP Warning:  mysqli_query(): Empty query in /home/ubuntu/workspace/android/updatefromandroid.php on line 200
[11-Nov-2016 08:49:00 UTC] PHP Stack trace:
[11-Nov-2016 08:49:00 UTC] PHP   1. {main}() /home/ubuntu/workspace/android/updatefromandroid.php:0
[11-Nov-2016 08:49:00 UTC] PHP   2. mysqli_query() /home/ubuntu/workspace/android/updatefromandroid.php:200
[13-Nov-2016 11:51:49 UTC] PHP Warning:  mysqli_query(): Empty query in /home/ubuntu/workspace/android/updatefromandroid.php on line 200
[13-Nov-2016 11:51:49 UTC] PHP Stack trace:
[13-Nov-2016 11:51:49 UTC] PHP   1. {main}() /home/ubuntu/workspace/android/updatefromandroid.php:0
[13-Nov-2016 11:51:49 UTC] PHP   2. mysqli_query() /home/ubuntu/workspace/android/updatefromandroid.php:200
[13-Nov-2016 11:57:20 UTC] PHP Warning:  mysqli_query(): Empty query in /home/ubuntu/workspace/android/updatefromandroid.php on line 200
[13-Nov-2016 11:57:20 UTC] PHP Stack trace:
[13-Nov-2016 11:57:20 UTC] PHP   1. {main}() /home/ubuntu/workspace/android/updatefromandroid.php:0
[13-Nov-2016 11:57:20 UTC] PHP   2. mysqli_query() /home/ubuntu/workspace/android/updatefromandroid.php:200
[13-Nov-2016 11:57:46 UTC] PHP Warning:  mysqli_query(): Empty query in /home/ubuntu/workspace/android/updatefromandroid.php on line 200
[13-Nov-2016 11:57:46 UTC] PHP Stack trace:
[13-Nov-2016 11:57:46 UTC] PHP   1. {main}() /home/ubuntu/workspace/android/updatefromandroid.php:0
[13-Nov-2016 11:57:46 UTC] PHP   2. mysqli_query() /home/ubuntu/workspace/android/updatefromandroid.php:200
[13-Nov-2016 11:57:54 UTC] PHP Warning:  mysqli_query(): Empty query in /home/ubuntu/workspace/android/updatefromandroid.php on line 200
[13-Nov-2016 11:57:54 UTC] PHP Stack trace:
[13-Nov-2016 11:57:54 UTC] PHP   1. {main}() /home/ubuntu/workspace/android/updatefromandroid.php:0
[13-Nov-2016 11:57:54 UTC] PHP   2. mysqli_query() /home/ubuntu/workspace/android/updatefromandroid.php:200
[13-Nov-2016 12:05:33 UTC] PHP Warning:  mysqli_query(): Empty query in /home/ubuntu/workspace/android/updatefromandroid.php on line 200
[13-Nov-2016 12:05:33 UTC] PHP Stack trace:
[13-Nov-2016 12:05:33 UTC] PHP   1. {main}() /home/ubuntu/workspace/android/updatefromandroid.php:0
[13-Nov-2016 12:05:33 UTC] PHP   2. mysqli_query() /home/ubuntu/workspace/android/updatefromandroid.php:200
[14-Nov-2016 04:01:41 UTC] PHP Warning:  mysqli_query(): Empty query in /home/ubuntu/workspace/android/updatefromandroid.php on line 200
[14-Nov-2016 04:01:41 UTC] PHP Stack trace:
[14-Nov-2016 04:01:41 UTC] PHP   1. {main}() /home/ubuntu/workspace/android/updatefromandroid.php:0
[14-Nov-2016 04:01:41 UTC] PHP   2. mysqli_query() /home/ubuntu/workspace/android/updatefromandroid.php:200
[15-Nov-2016 19:42:30 UTC] PHP Warning:  mysqli_query(): Empty query in /home/ubuntu/workspace/android/updatefromandroid.php on line 202
[15-Nov-2016 19:42:30 UTC] PHP Stack trace:
[15-Nov-2016 19:42:30 UTC] PHP   1. {main}() /home/ubuntu/workspace/android/updatefromandroid.php:0
[15-Nov-2016 19:42:30 UTC] PHP   2. mysqli_query() /home/ubuntu/workspace/android/updatefromandroid.php:202
[15-Nov-2016 19:42:33 UTC] PHP Warning:  mysqli_query(): Empty query in /home/ubuntu/workspace/android/updatefromandroid.php on line 202
[15-Nov-2016 19:42:33 UTC] PHP Stack trace:
[15-Nov-2016 19:42:33 UTC] PHP   1. {main}() /home/ubuntu/workspace/android/updatefromandroid.php:0
[15-Nov-2016 19:42:33 UTC] PHP   2. mysqli_query() /home/ubuntu/workspace/android/updatefromandroid.php:202
[15-Nov-2016 19:43:01 UTC] PHP Warning:  mysqli_query(): Empty query in /home/ubuntu/workspace/android/updatefromandroid.php on line 202
[15-Nov-2016 19:43:01 UTC] PHP Stack trace:
[15-Nov-2016 19:43:01 UTC] PHP   1. {main}() /home/ubuntu/workspace/android/updatefromandroid.php:0
[15-Nov-2016 19:43:01 UTC] PHP   2. mysqli_query() /home/ubuntu/workspace/android/updatefromandroid.php:202
[16-Nov-2016 06:50:00 UTC] PHP Warning:  mysqli_query(): Empty query in /home/ubuntu/workspace/android/updatefromandroid.php on line 202
[16-Nov-2016 06:50:00 UTC] PHP Stack trace:
[16-Nov-2016 06:50:00 UTC] PHP   1. {main}() /home/ubuntu/workspace/android/updatefromandroid.php:0
[16-Nov-2016 06:50:00 UTC] PHP   2. mysqli_query() /home/ubuntu/workspace/android/updatefromandroid.php:202
[16-Nov-2016 06:52:39 UTC] PHP Warning:  mysqli_query(): Empty query in /home/ubuntu/workspace/android/updatefromandroid.php on line 202
[16-Nov-2016 06:52:39 UTC] PHP Stack trace:
[16-Nov-2016 06:52:39 UTC] PHP   1. {main}() /home/ubuntu/workspace/android/updatefromandroid.php:0
[16-Nov-2016 06:52:39 UTC] PHP   2. mysqli_query() /home/ubuntu/workspace/android/updatefromandroid.php:202
[16-Nov-2016 08:15:59 UTC] PHP Warning:  mysqli_query(): Empty query in /home/ubuntu/workspace/android/updatefromandroid.php on line 202
[16-Nov-2016 08:15:59 UTC] PHP Stack trace:
[16-Nov-2016 08:15:59 UTC] PHP   1. {main}() /home/ubuntu/workspace/android/updatefromandroid.php:0
[16-Nov-2016 08:15:59 UTC] PHP   2. mysqli_query() /home/ubuntu/workspace/android/updatefromandroid.php:202
[17-Nov-2016 02:42:45 UTC] PHP Warning:  mysqli_query(): Empty query in /home/ubuntu/workspace/android/updatefromandroid.php on line 202
[17-Nov-2016 02:42:45 UTC] PHP Stack trace:
[17-Nov-2016 02:42:45 UTC] PHP   1. {main}() /home/ubuntu/workspace/android/updatefromandroid.php:0
[17-Nov-2016 02:42:45 UTC] PHP   2. mysqli_query() /home/ubuntu/workspace/android/updatefromandroid.php:202
[18-Nov-2016 15:55:24 UTC] PHP Warning:  mysqli_query(): Empty query in /home/ubuntu/workspace/android/updatefromandroid.php on line 202
[18-Nov-2016 15:55:24 UTC] PHP Stack trace:
[18-Nov-2016 15:55:24 UTC] PHP   1. {main}() /home/ubuntu/workspace/android/updatefromandroid.php:0
[18-Nov-2016 15:55:24 UTC] PHP   2. mysqli_query() /home/ubuntu/workspace/android/updatefromandroid.php:202
[18-Nov-2016 16:17:34 UTC] PHP Warning:  mysqli_query(): Empty query in /home/ubuntu/workspace/android/updatefromandroid.php on line 202
[18-Nov-2016 16:17:34 UTC] PHP Stack trace:
[18-Nov-2016 16:17:34 UTC] PHP   1. {main}() /home/ubuntu/workspace/android/updatefromandroid.php:0
[18-Nov-2016 16:17:34 UTC] PHP   2. mysqli_query() /home/ubuntu/workspace/android/updatefromandroid.php:202
[18-Nov-2016 16:25:00 UTC] PHP Warning:  mysqli_query(): Empty query in /home/ubuntu/workspace/android/updatefromandroid.php on line 202
[18-Nov-2016 16:25:00 UTC] PHP Stack trace:
[18-Nov-2016 16:25:00 UTC] PHP   1. {main}() /home/ubuntu/workspace/android/updatefromandroid.php:0
[18-Nov-2016 16:25:00 UTC] PHP   2. mysqli_query() /home/ubuntu/workspace/android/updatefromandroid.php:202
[18-Nov-2016 18:28:13 UTC] PHP Warning:  mysqli_query(): Empty query in /home/ubuntu/workspace/android/updatefromandroid.php on line 202
[18-Nov-2016 18:28:13 UTC] PHP Stack trace:
[18-Nov-2016 18:28:13 UTC] PHP   1. {main}() /home/ubuntu/workspace/android/updatefromandroid.php:0
[18-Nov-2016 18:28:13 UTC] PHP   2. mysqli_query() /home/ubuntu/workspace/android/updatefromandroid.php:202
[18-Nov-2016 18:36:37 UTC] PHP Warning:  mysqli_query(): Empty query in /home/ubuntu/workspace/android/updatefromandroid.php on line 202
[18-Nov-2016 18:36:37 UTC] PHP Stack trace:
[18-Nov-2016 18:36:37 UTC] PHP   1. {main}() /home/ubuntu/workspace/android/updatefromandroid.php:0
[18-Nov-2016 18:36:37 UTC] PHP   2. mysqli_query() /home/ubuntu/workspace/android/updatefromandroid.php:202
[18-Nov-2016 18:37:05 UTC] PHP Warning:  mysqli_query(): Empty query in /home/ubuntu/workspace/android/updatefromandroid.php on line 202
[18-Nov-2016 18:37:05 UTC] PHP Stack trace:
[18-Nov-2016 18:37:05 UTC] PHP   1. {main}() /home/ubuntu/workspace/android/updatefromandroid.php:0
[18-Nov-2016 18:37:05 UTC] PHP   2. mysqli_query() /home/ubuntu/workspace/android/updatefromandroid.php:202
[18-Nov-2016 19:22:57 UTC] PHP Warning:  mysqli_query(): Empty query in /home/ubuntu/workspace/android/updatefromandroid.php on line 202
[18-Nov-2016 19:22:57 UTC] PHP Stack trace:
[18-Nov-2016 19:22:57 UTC] PHP   1. {main}() /home/ubuntu/workspace/android/updatefromandroid.php:0
[18-Nov-2016 19:22:57 UTC] PHP   2. mysqli_query() /home/ubuntu/workspace/android/updatefromandroid.php:202
[18-Nov-2016 19:51:59 UTC] PHP Warning:  mysqli_query(): Empty query in /home/ubuntu/workspace/android/updatefromandroid.php on line 202
[18-Nov-2016 19:51:59 UTC] PHP Stack trace:
[18-Nov-2016 19:51:59 UTC] PHP   1. {main}() /home/ubuntu/workspace/android/updatefromandroid.php:0
[18-Nov-2016 19:51:59 UTC] PHP   2. mysqli_query() /home/ubuntu/workspace/android/updatefromandroid.php:202
[19-Nov-2016 04:28:46 UTC] PHP Warning:  mysqli_query(): Empty query in /home/ubuntu/workspace/android/updatefromandroid.php on line 202
[19-Nov-2016 04:28:46 UTC] PHP Stack trace:
[19-Nov-2016 04:28:46 UTC] PHP   1. {main}() /home/ubuntu/workspace/android/updatefromandroid.php:0
[19-Nov-2016 04:28:46 UTC] PHP   2. mysqli_query() /home/ubuntu/workspace/android/updatefromandroid.php:202
[19-Nov-2016 06:57:22 UTC] PHP Warning:  mysqli_query(): Empty query in /home/ubuntu/workspace/android/updatefromandroid.php on line 202
[19-Nov-2016 06:57:22 UTC] PHP Stack trace:
[19-Nov-2016 06:57:22 UTC] PHP   1. {main}() /home/ubuntu/workspace/android/updatefromandroid.php:0
[19-Nov-2016 06:57:22 UTC] PHP   2. mysqli_query() /home/ubuntu/workspace/android/updatefromandroid.php:202
[19-Nov-2016 07:00:15 UTC] PHP Warning:  mysqli_query(): Empty query in /home/ubuntu/workspace/android/updatefromandroid.php on line 202
[19-Nov-2016 07:00:15 UTC] PHP Stack trace:
[19-Nov-2016 07:00:15 UTC] PHP   1. {main}() /home/ubuntu/workspace/android/updatefromandroid.php:0
[19-Nov-2016 07:00:15 UTC] PHP   2. mysqli_query() /home/ubuntu/workspace/android/updatefromandroid.php:202
[19-Nov-2016 07:00:36 UTC] PHP Warning:  mysqli_query(): Empty query in /home/ubuntu/workspace/android/updatefromandroid.php on line 202
[19-Nov-2016 07:00:36 UTC] PHP Stack trace:
[19-Nov-2016 07:00:36 UTC] PHP   1. {main}() /home/ubuntu/workspace/android/updatefromandroid.php:0
[19-Nov-2016 07:00:36 UTC] PHP   2. mysqli_query() /home/ubuntu/workspace/android/updatefromandroid.php:202
[19-Nov-2016 07:17:54 UTC] PHP Warning:  mysqli_query(): Empty query in /home/ubuntu/workspace/android/updatefromandroid.php on line 202
[19-Nov-2016 07:17:54 UTC] PHP Stack trace:
[19-Nov-2016 07:17:54 UTC] PHP   1. {main}() /home/ubuntu/workspace/android/updatefromandroid.php:0
[19-Nov-2016 07:17:54 UTC] PHP   2. mysqli_query() /home/ubuntu/workspace/android/updatefromandroid.php:202
[19-Nov-2016 09:44:11 UTC] PHP Warning:  mysqli_query(): Empty query in /home/ubuntu/workspace/android/updatefromandroid.php on line 202
[19-Nov-2016 09:44:11 UTC] PHP Stack trace:
[19-Nov-2016 09:44:11 UTC] PHP   1. {main}() /home/ubuntu/workspace/android/updatefromandroid.php:0
[19-Nov-2016 09:44:11 UTC] PHP   2. mysqli_query() /home/ubuntu/workspace/android/updatefromandroid.php:202
[19-Nov-2016 11:10:35 UTC] PHP Warning:  mysqli_query(): Empty query in /home/ubuntu/workspace/android/updatefromandroid.php on line 202
[19-Nov-2016 11:10:35 UTC] PHP Stack trace:
[19-Nov-2016 11:10:35 UTC] PHP   1. {main}() /home/ubuntu/workspace/android/updatefromandroid.php:0
[19-Nov-2016 11:10:35 UTC] PHP   2. mysqli_query() /home/ubuntu/workspace/android/updatefromandroid.php:202
[19-Nov-2016 12:19:51 UTC] PHP Warning:  mysqli_query(): Empty query in /home/ubuntu/workspace/android/updatefromandroid.php on line 202
[19-Nov-2016 12:19:51 UTC] PHP Stack trace:
[19-Nov-2016 12:19:51 UTC] PHP   1. {main}() /home/ubuntu/workspace/android/updatefromandroid.php:0
[19-Nov-2016 12:19:51 UTC] PHP   2. mysqli_query() /home/ubuntu/workspace/android/updatefromandroid.php:202
[19-Nov-2016 12:24:55 UTC] PHP Warning:  mysqli_query(): Empty query in /home/ubuntu/workspace/android/updatefromandroid.php on line 202
[19-Nov-2016 12:24:55 UTC] PHP Stack trace:
[19-Nov-2016 12:24:55 UTC] PHP   1. {main}() /home/ubuntu/workspace/android/updatefromandroid.php:0
[19-Nov-2016 12:24:55 UTC] PHP   2. mysqli_query() /home/ubuntu/workspace/android/updatefromandroid.php:202
[19-Nov-2016 12:58:44 UTC] PHP Warning:  mysqli_query(): Empty query in /home/ubuntu/workspace/android/updatefromandroid.php on line 202
[19-Nov-2016 12:58:44 UTC] PHP Stack trace:
[19-Nov-2016 12:58:44 UTC] PHP   1. {main}() /home/ubuntu/workspace/android/updatefromandroid.php:0
[19-Nov-2016 12:58:44 UTC] PHP   2. mysqli_query() /home/ubuntu/workspace/android/updatefromandroid.php:202
[20-Nov-2016 08:22:07 UTC] PHP Warning:  mysqli_query(): Empty query in /home/ubuntu/workspace/android/updatefromandroid.php on line 202
[20-Nov-2016 08:22:07 UTC] PHP Stack trace:
[20-Nov-2016 08:22:07 UTC] PHP   1. {main}() /home/ubuntu/workspace/android/updatefromandroid.php:0
[20-Nov-2016 08:22:07 UTC] PHP   2. mysqli_query() /home/ubuntu/workspace/android/updatefromandroid.php:202
[20-Nov-2016 08:55:10 UTC] PHP Warning:  mysqli_query(): Empty query in /home/ubuntu/workspace/android/updatefromandroid.php on line 202
[20-Nov-2016 08:55:10 UTC] PHP Stack trace:
[20-Nov-2016 08:55:10 UTC] PHP   1. {main}() /home/ubuntu/workspace/android/updatefromandroid.php:0
[20-Nov-2016 08:55:10 UTC] PHP   2. mysqli_query() /home/ubuntu/workspace/android/updatefromandroid.php:202
[23-Nov-2016 05:14:20 UTC] PHP Warning:  mysqli_query(): Empty query in /home/ubuntu/workspace/android/updatefromandroid.php on line 204
[23-Nov-2016 05:14:20 UTC] PHP Stack trace:
[23-Nov-2016 05:14:20 UTC] PHP   1. {main}() /home/ubuntu/workspace/android/updatefromandroid.php:0
[23-Nov-2016 05:14:20 UTC] PHP   2. mysqli_query() /home/ubuntu/workspace/android/updatefromandroid.php:204
[23-Nov-2016 05:16:31 UTC] PHP Warning:  mysqli_query(): Empty query in /home/ubuntu/workspace/android/updatefromandroid.php on line 212
[23-Nov-2016 05:16:31 UTC] PHP Stack trace:
[23-Nov-2016 05:16:31 UTC] PHP   1. {main}() /home/ubuntu/workspace/android/updatefromandroid.php:0
[23-Nov-2016 05:16:31 UTC] PHP   2. mysqli_query() /home/ubuntu/workspace/android/updatefromandroid.php:212
